[2018-03-14 15:59:49] production.ERROR: Please provide a valid cache path. {"exception":"[object] (InvalidArgumentException(code: 0): Please provide a valid cache path. at /home/darek/laravel/eribu-laravel/vendor/laravel/framework/src/Illuminate/View/Compilers/Compiler.php:36)
[stacktrace]
#0 /home/darek/laravel/eribu-laravel/vendor/laravel/framework/src/Illuminate/View/ViewServiceProvider.php(141): Illuminate\\View\\Compilers\\Compiler->__construct(Object(Illuminate\\Filesystem\\Filesystem), false)
#1 /home/darek/laravel/eribu-laravel/vendor/laravel/framework/src/Illuminate/Container/Container.php(764): Illuminate\\View\\ViewServiceProvider->Illuminate\\View\\{closure}(Object(Illuminate\\Foundation\\Application), Array)
#2 /home/darek/laravel/eribu-laravel/vendor/laravel/framework/src/Illuminate/Container/Container.php(646): Illuminate\\Container\\Container->build(Object(Closure))
#3 /home/darek/laravel/eribu-laravel/vendor/laravel/framework/src/Illuminate/Container/Container.php(601): Illuminate\\Container\\Container->resolve('blade.compiler', Array)
#4 /home/darek/laravel/eribu-laravel/vendor/laravel/framework/src/Illuminate/Foundation/Application.php(740): Illuminate\\Container\\Container->make('blade.compiler', Array)
#5 /home/darek/laravel/eribu-laravel/vendor/laravel/framework/src/Illuminate/Container/Container.php(1210): Illuminate\\Foundation\\Application->make('blade.compiler')
#6 /home/darek/laravel/eribu-laravel/vendor/tightenco/ziggy/src/ZiggyServiceProvider.php(21): Illuminate\\Container\\Container->offsetGet('blade.compiler')
#7 [internal function]: Tightenco\\Ziggy\\ZiggyServiceProvider->boot()
#8 /home/darek/laravel/eribu-laravel/vendor/laravel/framework/src/Illuminate/Container/BoundMethod.php(29): call_user_func_array(Array, Array)
#9 /home/darek/laravel/eribu-laravel/vendor/laravel/framework/src/Illuminate/Container/BoundMethod.php(87): Illuminate\\Container\\BoundMethod::Illuminate\\Container\\{closure}()
#10 /home/darek/laravel/eribu-laravel/vendor/laravel/framework/src/Illuminate/Container/BoundMethod.php(31): Illuminate\\Container\\BoundMethod::callBoundMethod(Object(Illuminate\\Foundation\\Application), Array, Object(Closure))
#11 /home/darek/laravel/eribu-laravel/vendor/laravel/framework/src/Illuminate/Container/Container.php(564): Illuminate\\Container\\BoundMethod::call(Object(Illuminate\\Foundation\\Application), Array, Array, NULL)
#12 /home/darek/laravel/eribu-laravel/vendor/laravel/framework/src/Illuminate/Foundation/Application.php(800): Illuminate\\Container\\Container->call(Array)
#13 /home/darek/laravel/eribu-laravel/vendor/laravel/framework/src/Illuminate/Foundation/Application.php(783): Illuminate\\Foundation\\Application->bootProvider(Object(Tightenco\\Ziggy\\ZiggyServiceProvider))
#14 [internal function]: Illuminate\\Foundation\\Application->Illuminate\\Foundation\\{closure}(Object(Tightenco\\Ziggy\\ZiggyServiceProvider), 15)
#15 /home/darek/laravel/eribu-laravel/vendor/laravel/framework/src/Illuminate/Foundation/Application.php(784): array_walk(Array, Object(Closure))
#16 /home/darek/laravel/eribu-laravel/vendor/laravel/framework/src/Illuminate/Foundation/Bootstrap/BootProviders.php(17): Illuminate\\Foundation\\Application->boot()
#17 /home/darek/laravel/eribu-laravel/vendor/laravel/framework/src/Illuminate/Foundation/Application.php(206): Illuminate\\Foundation\\Bootstrap\\BootProviders->bootstrap(Object(Illuminate\\Foundation\\Application))
#18 /home/darek/laravel/eribu-laravel/vendor/laravel/framework/src/Illuminate/Foundation/Console/Kernel.php(296): Illuminate\\Foundation\\Application->bootstrapWith(Array)
#19 /home/darek/laravel/eribu-laravel/vendor/laravel/framework/src/Illuminate/Foundation/Console/Kernel.php(119): Illuminate\\Foundation\\Console\\Kernel->bootstrap()
#20 /home/darek/laravel/eribu-laravel/artisan(37): Illuminate\\Foundation\\Console\\Kernel->handle(Object(Symfony\\Component\\Console\\Input\\ArgvInput), Object(Symfony\\Component\\Console\\Output\\ConsoleOutput))
#21 {main}
"} 
